{
"contracts\\ChaintCert.sol":{"l":{"44":294,"60":16,"64":15,"69":14,"71":14,"73":14,"74":14,"76":14,"84":14,"92":14,"100":88,"101":88,"102":87,"103":87,"105":86,"106":86,"107":86,"109":79,"111":79,"128":2,"129":2,"130":1,"137":3,"138":3,"140":2,"141":2,"143":2,"144":5,"145":3,"146":3,"150":2},"path":"D:\\Cours ALYRA\\AlyraRepo\\Alyra\\6. Dapp\\Projet4\\backend\\contracts\\ChaintCert.sol","s":{"1":294,"2":16,"3":15,"4":14,"5":14,"6":14,"7":14,"8":88,"9":88,"10":87,"11":87,"12":86,"13":86,"14":86,"15":79,"16":2,"17":2,"18":1,"19":3,"20":3,"21":2,"22":2,"23":2,"24":5,"25":2},"b":{"1":[16,1],"2":[15,1],"3":[14,1],"4":[87,1],"5":[86,1],"6":[1,1],"7":[2,1],"8":[3,2]},"f":{"1":12,"2":294,"3":16,"4":88,"5":2,"6":3},"fnMap":{"1":{"name":"constructor","line":41,"loc":{"start":{"line":41,"column":4},"end":{"line":41,"column":66}}},"2":{"name":"_startTokenId","line":43,"loc":{"start":{"line":43,"column":4},"end":{"line":45,"column":4}}},"3":{"name":"mintProduct","line":59,"loc":{"start":{"line":54,"column":4},"end":{"line":93,"column":4}}},"4":{"name":"claimProduct","line":99,"loc":{"start":{"line":99,"column":4},"end":{"line":119,"column":4}}},"5":{"name":"getProductDetailsByPublicId","line":125,"loc":{"start":{"line":125,"column":4},"end":{"line":131,"column":4}}},"6":{"name":"getProductsByOwner","line":136,"loc":{"start":{"line":136,"column":4},"end":{"line":151,"column":4}}}},"statementMap":{"1":{"start":{"line":44,"column":8},"end":{"line":44,"column":16}},"2":{"start":{"line":60,"column":8},"end":{"line":60,"column":1671}},"3":{"start":{"line":64,"column":8},"end":{"line":64,"column":1795}},"4":{"start":{"line":69,"column":8},"end":{"line":69,"column":43}},"5":{"start":{"line":71,"column":8},"end":{"line":71,"column":26}},"6":{"start":{"line":84,"column":8},"end":{"line":84,"column":2321}},"7":{"start":{"line":92,"column":8},"end":{"line":92,"column":25}},"8":{"start":{"line":100,"column":8},"end":{"line":100,"column":62}},"9":{"start":{"line":101,"column":8},"end":{"line":101,"column":49}},"10":{"start":{"line":102,"column":8},"end":{"line":102,"column":52}},"11":{"start":{"line":103,"column":8},"end":{"line":103,"column":61}},"12":{"start":{"line":105,"column":8},"end":{"line":105,"column":36}},"13":{"start":{"line":106,"column":8},"end":{"line":106,"column":45}},"14":{"start":{"line":107,"column":8},"end":{"line":107,"column":56}},"15":{"start":{"line":111,"column":8},"end":{"line":111,"column":3133}},"16":{"start":{"line":128,"column":8},"end":{"line":128,"column":54}},"17":{"start":{"line":129,"column":8},"end":{"line":129,"column":49}},"18":{"start":{"line":130,"column":8},"end":{"line":130,"column":33}},"19":{"start":{"line":137,"column":8},"end":{"line":137,"column":47}},"20":{"start":{"line":138,"column":8},"end":{"line":138,"column":55}},"21":{"start":{"line":140,"column":8},"end":{"line":140,"column":63}},"22":{"start":{"line":141,"column":8},"end":{"line":141,"column":25}},"23":{"start":{"line":143,"column":8},"end":{"line":143,"column":4171}},"24":{"start":{"line":144,"column":12},"end":{"line":144,"column":4248}},"25":{"start":{"line":150,"column":8},"end":{"line":150,"column":28}}},"branchMap":{"1":{"line":59,"type":"if","locations":[{"start":{"line":59,"column":15},"end":{"line":59,"column":15}},{"start":{"line":59,"column":15},"end":{"line":59,"column":15}}]},"2":{"line":60,"type":"if","locations":[{"start":{"line":60,"column":8},"end":{"line":60,"column":8}},{"start":{"line":60,"column":8},"end":{"line":60,"column":8}}]},"3":{"line":64,"type":"if","locations":[{"start":{"line":64,"column":8},"end":{"line":64,"column":8}},{"start":{"line":64,"column":8},"end":{"line":64,"column":8}}]},"4":{"line":101,"type":"if","locations":[{"start":{"line":101,"column":8},"end":{"line":101,"column":8}},{"start":{"line":101,"column":8},"end":{"line":101,"column":8}}]},"5":{"line":103,"type":"if","locations":[{"start":{"line":103,"column":8},"end":{"line":103,"column":8}},{"start":{"line":103,"column":8},"end":{"line":103,"column":8}}]},"6":{"line":129,"type":"if","locations":[{"start":{"line":129,"column":8},"end":{"line":129,"column":8}},{"start":{"line":129,"column":8},"end":{"line":129,"column":8}}]},"7":{"line":138,"type":"if","locations":[{"start":{"line":138,"column":8},"end":{"line":138,"column":8}},{"start":{"line":138,"column":8},"end":{"line":138,"column":8}}]},"8":{"line":144,"type":"if","locations":[{"start":{"line":144,"column":12},"end":{"line":144,"column":12}},{"start":{"line":144,"column":12},"end":{"line":144,"column":12}}]}}}}
