TN:
SF:D:\Cours ALYRA\AlyraRepo\Alyra\6. Dapp\Projet4\backend\contracts\ChaintCert.sol
FN:41,constructor
FN:43,_startTokenId
FN:59,mintProduct
FN:99,claimProduct
FN:125,getProductDetailsByPublicId
FN:136,getProductsByOwner
FNF:6
FNH:6
FNDA:12,constructor
FNDA:294,_startTokenId
FNDA:16,mintProduct
FNDA:88,claimProduct
FNDA:2,getProductDetailsByPublicId
FNDA:3,getProductsByOwner
DA:44,294
DA:60,16
DA:64,15
DA:69,14
DA:71,14
DA:73,14
DA:74,14
DA:76,14
DA:84,14
DA:92,14
DA:100,88
DA:101,88
DA:102,87
DA:103,87
DA:105,86
DA:106,86
DA:107,86
DA:109,79
DA:111,79
DA:128,2
DA:129,2
DA:130,1
DA:137,3
DA:138,3
DA:140,2
DA:141,2
DA:143,2
DA:144,5
DA:145,3
DA:146,3
DA:150,2
LF:31
LH:31
BRDA:59,1,0,16
BRDA:59,1,1,1
BRDA:60,2,0,15
BRDA:60,2,1,1
BRDA:64,3,0,14
BRDA:64,3,1,1
BRDA:101,4,0,87
BRDA:101,4,1,1
BRDA:103,5,0,86
BRDA:103,5,1,1
BRDA:129,6,0,1
BRDA:129,6,1,1
BRDA:138,7,0,2
BRDA:138,7,1,1
BRDA:144,8,0,3
BRDA:144,8,1,2
BRF:16
BRH:16
end_of_record
